<?xml version="1.0" encoding="UTF-8"?>
<coverage generated="1529766689106" clover="3.2.0">
  <project timestamp="1529766689106" name="All files">
    <metrics statements="2" coveredstatements="1" conditionals="0" coveredconditionals="0" methods="1" coveredmethods="0" elements="3" coveredelements="1" complexity="0" loc="2" ncloc="2" packages="1" files="1" classes="1">
      <file name="index.js" path="/Users/welcome/breakabletoy/react-boilerplate-lite/src/app/index.js">
        <metrics statements="2" coveredstatements="1" conditionals="0" coveredconditionals="0" methods="1" coveredmethods="0"/>
        <line num="3" count="1" type="stmt"/>
        <line num="4" count="0" type="stmt"/>
      </file>
    </metrics>
  </project>
</coverage>
